Line 34: Class TabDlg.SSTab of control tabProperties was not a loaded control class.
Line 454: Class MSComctlLib.ListView of control lvwSheets was not a loaded control class.
Line 40: The property name _ExtentX in tabProperties is invalid.
Line 41: The property name _ExtentY in tabProperties is invalid.
Line 42: The property name _Version in tabProperties is invalid.
Line 43: The property name Tabs in tabProperties is invalid.
Line 44: The property name Tab in tabProperties is invalid.
Line 45: The property name TabHeight in tabProperties is invalid.
Line 46: The property name TabCaption(0) in tabProperties is invalid.
Line 47: The property name TabPicture(0) in tabProperties is invalid.
Line 48: The property name Tab(0).ControlEnabled in tabProperties is invalid.
Line 49: The property name Tab(0).Control(0) in tabProperties is invalid.
Line 50: The property name Tab(0).ControlCount in tabProperties is invalid.
Line 51: The property name TabCaption(1) in tabProperties is invalid.
Line 52: The property name TabPicture(1) in tabProperties is invalid.
Line 53: The property name Tab(1).ControlEnabled in tabProperties is invalid.
Line 54: The property name Tab(1).Control(0) in tabProperties is invalid.
Line 55: The property name Tab(1).Control(0).Enabled in tabProperties is invalid.
Line 56: The property name Tab(1).ControlCount in tabProperties is invalid.
Line 57: The property name TabCaption(2) in tabProperties is invalid.
Line 58: The property name TabPicture(2) in tabProperties is invalid.
Line 59: The property name Tab(2).ControlEnabled in tabProperties is invalid.
Line 60: The property name Tab(2).Control(0) in tabProperties is invalid.
Line 61: The property name Tab(2).ControlCount in tabProperties is invalid.
Line 62: The property name TabCaption(3) in tabProperties is invalid.
Line 63: The property name TabPicture(3) in tabProperties is invalid.
Line 64: The property name Tab(3).ControlEnabled in tabProperties is invalid.
Line 65: The property name Tab(3).Control(0) in tabProperties is invalid.
Line 66: The property name Tab(3).ControlCount in tabProperties is invalid.
Line 67: The property name TabCaption(4) in tabProperties is invalid.
Line 68: The property name TabPicture(4) in tabProperties is invalid.
Line 69: The property name Tab(4).ControlEnabled in tabProperties is invalid.
Line 70: The property name Tab(4).Control(0) in tabProperties is invalid.
Line 71: The property name Tab(4).ControlCount in tabProperties is invalid.
Line 72: The property name TabCaption(5) in tabProperties is invalid.
Line 73: The property name TabPicture(5) in tabProperties is invalid.
Line 74: The property name Tab(5).ControlEnabled in tabProperties is invalid.
Line 75: The property name Tab(5).Control(0) in tabProperties is invalid.
Line 76: The property name Tab(5).Control(0).Enabled in tabProperties is invalid.
Line 77: The property name Tab(5).Control(1) in tabProperties is invalid.
Line 78: The property name Tab(5).Control(1).Enabled in tabProperties is invalid.
Line 79: The property name Tab(5).ControlCount in tabProperties is invalid.
Line 460: The property name _ExtentX in lvwSheets is invalid.
Line 461: The property name _ExtentY in lvwSheets is invalid.
Line 462: The property name View in lvwSheets is invalid.
Line 463: The property name Sorted in lvwSheets is invalid.
Line 464: The property name MultiSelect in lvwSheets is invalid.
Line 465: The property name LabelWrap in lvwSheets is invalid.
Line 466: The property name HideSelection in lvwSheets is invalid.
Line 467: The property name FullRowSelect in lvwSheets is invalid.
Line 468: The property name _Version in lvwSheets is invalid.
Line 473: The property name NumItems in lvwSheets is invalid.
